<?xml version="1.0" encoding="UTF-8"?>
<!-- Generated by org.testng.reporters.JUnitReportReporter -->
<testsuite hostname="DESKTOP-BNE3700" failures="0" tests="1" name="utilsactionpages.HotelBookingTest" time="11.670" errors="0" timestamp="2024-12-16T12:08:56 IST" skipped="0">
  <testcase classname="utilsactionpages.HotelBookingTest" name="testHotelBooking" time="11.670"/>
</testsuite> <!-- utilsactionpages.HotelBookingTest -->
